Arguments: 
  /home/deini.porto/.nvm/versions/node/v12.16.1/bin/node /usr/share/yarn/bin/yarn.js add express

PATH: 
  /home/deini.porto/.nvm/versions/node/v12.16.1/bin:/usr/local/sbin:/usr/local/bin:/usr/sbin:/usr/bin:/sbin:/bin:/usr/games:/usr/local/games

Yarn version: 
  1.22.4

Node version: 
  12.16.1

Platform: 
  linux x64

Trace: 
  SyntaxError: /home/deini.porto/dev/GoStackJS/modulo01-desafio/package.json: Unexpected token } in JSON at position 134
      at JSON.parse (<anonymous>)
      at /usr/share/yarn/lib/cli.js:1625:59
      at Generator.next (<anonymous>)
      at step (/usr/share/yarn/lib/cli.js:310:30)
      at /usr/share/yarn/lib/cli.js:321:13

npm manifest: 
  {
    "name": "modulo01-desafio",
    "version": "1.0.0",
    "main": "index.js",
    "license": "MIT",
    "scripts": {
      "dev":"nodemon",
    }
  }

yarn manifest: 
  No manifest

Lockfile: 
  No lockfile
